2026/02/19 10:02:19 ZRP server starting on http://localhost:9000
2026/02/19 10:02:21 ws: client connected (1 total)
2026/02/19 10:02:24 Generating notifications (filtered)...
2026/02/19 10:07:24 Generating notifications (filtered)...
2026/02/19 10:12:24 Generating notifications (filtered)...
2026/02/19 10:17:24 Generating notifications (filtered)...
2026/02/19 10:22:24 Generating notifications (filtered)...
2026/02/19 10:27:24 Generating notifications (filtered)...
2026/02/19 10:32:24 Generating notifications (filtered)...
2026/02/19 10:37:24 Generating notifications (filtered)...
2026/02/19 10:42:24 Generating notifications (filtered)...
2026/02/19 10:47:24 Generating notifications (filtered)...
2026/02/19 10:52:24 Generating notifications (filtered)...
2026/02/19 10:57:24 Generating notifications (filtered)...
2026/02/19 11:02:24 Generating notifications (filtered)...
2026/02/19 11:07:24 Generating notifications (filtered)...
2026/02/19 11:12:24 Generating notifications (filtered)...
2026/02/19 11:17:24 Generating notifications (filtered)...
2026/02/19 11:22:24 Generating notifications (filtered)...
2026/02/19 11:27:24 Generating notifications (filtered)...
2026/02/19 11:32:24 Generating notifications (filtered)...
2026/02/19 11:37:24 Generating notifications (filtered)...
2026/02/19 11:42:24 Generating notifications (filtered)...
2026/02/19 11:47:24 Generating notifications (filtered)...
2026/02/19 11:52:24 Generating notifications (filtered)...
2026/02/19 11:57:24 Generating notifications (filtered)...
2026/02/19 12:02:24 Generating notifications (filtered)...
2026/02/19 12:07:24 Generating notifications (filtered)...
2026/02/19 12:12:24 Generating notifications (filtered)...
2026/02/19 12:16:35 GET /api/health 251.667µs
2026/02/19 12:17:06 GET / 2.2195ms
2026/02/19 12:17:12 GET / 121.625µs
2026/02/19 12:17:12 GET /assets/index-Bt0QygbR.css 155.083µs
2026/02/19 12:17:12 GET /assets/index-Dew7qRU6.js 464.375µs
2026/02/19 12:17:12 GET /assets/card-DWWy35-G.js 147.208µs
2026/02/19 12:17:12 GET /assets/Dashboard-xBpeXwDS.js 147.917µs
2026/02/19 12:17:12 GET /assets/smartphone-DmPzNC7F.js 85.209µs
2026/02/19 12:17:12 GET /api/v1/permissions/me 17.917µs
2026/02/19 12:17:12 GET /api/v1/ws 62µs
2026/02/19 12:17:12 GET /api/v1/health 27.333µs
2026/02/19 12:17:12 GET /api/v1/dashboard/charts 10.125µs
2026/02/19 12:17:12 GET /api/v1/dashboard 9.834µs
2026/02/19 12:17:12 GET /auth/me 6.125µs
2026/02/19 12:17:12 GET /login 145.75µs
2026/02/19 12:17:12 GET /assets/Login-866E2Uml.js 160.416µs
2026/02/19 12:17:12 GET /api/v1/permissions/me 7.541µs
2026/02/19 12:17:12 GET /api/v1/ws 19.958µs
2026/02/19 12:17:13 POST /auth/login 79.252416ms
2026/02/19 12:17:13 GET /api/v1/permissions/me 876.584µs
2026/02/19 12:17:13 GET /parts 147.334µs
2026/02/19 12:17:13 GET /assets/Parts-BdrA9tdd.js 164.708µs
2026/02/19 12:17:13 GET /assets/select-B9zISdHe.js 130.417µs
2026/02/19 12:17:13 GET /assets/index-h6U1EKwc.js 75.917µs
2026/02/19 12:17:13 GET /assets/chevron-down-Q0JaND9d.js 124.333µs
2026/02/19 12:17:13 GET /assets/table-DjYd6P0o.js 606.875µs
2026/02/19 12:17:13 GET /assets/ConfigurableTable-DmRF_7aa.js 407.75µs
2026/02/19 12:17:13 GET /assets/useGitPLM-DB03wPy-.js 46.417µs
2026/02/19 12:17:13 GET /assets/settings-2-uy1ZUeww.js 358.166µs
2026/02/19 12:17:13 GET /assets/circle-check-big-Dndh3-NN.js 73µs
2026/02/19 12:17:13 GET /assets/BarcodeScanner-Cwi2kHVA.js 441.833µs
2026/02/19 12:17:13 GET /assets/funnel-lKwYawfW.js 576.583µs
2026/02/19 12:17:13 GET /assets/plus-CmRZRB1C.js 56.292µs
2026/02/19 12:17:13 GET /assets/chevron-left-FqMTcXR4.js 46.584µs
2026/02/19 12:17:13 GET /assets/external-link-DmrGaOJw.js 45.708µs
2026/02/19 12:17:13 GET /api/v1/permissions/me 826.792µs
2026/02/19 12:17:13 ws: client connected (2 total)
2026/02/19 12:17:13 GET /auth/me 232.667µs
2026/02/19 12:17:13 GET /api/v1/parts/categories 1.125375ms
2026/02/19 12:17:13 GET /api/v1/settings/gitplm 1.424458ms
2026/02/19 12:17:13 ws: client disconnected
2026/02/19 12:17:13 GET /api/v1/ws 313.639667ms
2026/02/19 12:17:13 ws: client connected (2 total)
2026/02/19 12:17:13 GET /api/v1/permissions/me 1.268541ms
2026/02/19 12:17:24 Generating notifications (filtered)...
2026/02/19 12:17:35 GET / 114µs
2026/02/19 12:17:35 GET /assets/index-Bt0QygbR.css 118.25µs
2026/02/19 12:17:35 GET /assets/index-Dew7qRU6.js 382.917µs
2026/02/19 12:17:35 GET /assets/Dashboard-xBpeXwDS.js 123.291µs
2026/02/19 12:17:35 GET /assets/card-DWWy35-G.js 84.375µs
2026/02/19 12:17:35 GET /assets/smartphone-DmPzNC7F.js 42.666µs
2026/02/19 12:17:35 GET /api/v1/permissions/me 9.917µs
2026/02/19 12:17:35 GET /vite.svg 111.875µs
2026/02/19 12:17:35 GET /api/v1/ws 21.625µs
2026/02/19 12:17:36 GET /api/v1/dashboard 12.25µs
2026/02/19 12:17:36 GET /api/v1/dashboard/charts 8.792µs
2026/02/19 12:17:36 GET /auth/me 20.417µs
2026/02/19 12:17:36 GET /login 71.792µs
2026/02/19 12:17:36 GET /assets/Login-866E2Uml.js 141.625µs
2026/02/19 12:17:36 GET /api/v1/permissions/me 6.542µs
2026/02/19 12:17:36 GET /api/v1/ws 20.083µs
2026/02/19 12:17:36 POST /auth/login 78.934625ms
2026/02/19 12:17:36 GET /api/v1/permissions/me 768.25µs
2026/02/19 12:17:36 GET /api/v1/dashboard/charts 546.541µs
2026/02/19 12:17:36 GET /auth/me 1.224208ms
2026/02/19 12:17:36 GET /api/v1/dashboard 4.193833ms
2026/02/19 12:17:36 GET /parts 69.166µs
2026/02/19 12:17:36 GET /assets/Parts-BdrA9tdd.js 144.334µs
2026/02/19 12:17:36 GET /assets/select-B9zISdHe.js 154.416µs
2026/02/19 12:17:36 GET /assets/index-h6U1EKwc.js 52.917µs
2026/02/19 12:17:36 GET /assets/chevron-down-Q0JaND9d.js 63.459µs
2026/02/19 12:17:36 GET /assets/ConfigurableTable-DmRF_7aa.js 58.958µs
2026/02/19 12:17:36 GET /assets/table-DjYd6P0o.js 78.666µs
2026/02/19 12:17:36 GET /assets/settings-2-uy1ZUeww.js 39.25µs
2026/02/19 12:17:36 GET /assets/BarcodeScanner-Cwi2kHVA.js 147.25µs
2026/02/19 12:17:36 GET /assets/circle-check-big-Dndh3-NN.js 58.833µs
2026/02/19 12:17:36 GET /assets/useGitPLM-DB03wPy-.js 56.25µs
2026/02/19 12:17:36 GET /assets/plus-CmRZRB1C.js 70.666µs
2026/02/19 12:17:36 GET /assets/funnel-lKwYawfW.js 68.375µs
2026/02/19 12:17:36 GET /assets/chevron-left-FqMTcXR4.js 41.666µs
2026/02/19 12:17:36 GET /assets/external-link-DmrGaOJw.js 46µs
2026/02/19 12:17:36 GET /api/v1/permissions/me 52.625µs
2026/02/19 12:17:36 ws: client connected (3 total)
2026/02/19 12:17:37 GET /api/v1/settings/gitplm 988.708µs
2026/02/19 12:17:37 GET /auth/me 1.324667ms
2026/02/19 12:17:37 GET /api/v1/parts/categories 2.488292ms
2026/02/19 12:17:37 GET /api/v1/parts 5.7995ms
2026/02/19 12:17:51 GET / 90.209µs
2026/02/19 12:17:51 GET /assets/index-Bt0QygbR.css 122.625µs
2026/02/19 12:17:51 GET /assets/index-Dew7qRU6.js 238.875µs
2026/02/19 12:17:51 GET /assets/smartphone-DmPzNC7F.js 69.875µs
2026/02/19 12:17:51 GET /assets/Dashboard-xBpeXwDS.js 143.875µs
2026/02/19 12:17:51 GET /assets/card-DWWy35-G.js 151µs
2026/02/19 12:17:51 GET /api/v1/permissions/me 10.125µs
2026/02/19 12:17:51 GET /api/v1/ws 18.292µs
2026/02/19 12:17:51 GET /api/v1/dashboard 14.25µs
2026/02/19 12:17:51 GET /api/v1/dashboard/charts 5.583µs
2026/02/19 12:17:51 GET /auth/me 9.958µs
2026/02/19 12:17:51 GET /login 99.5µs
2026/02/19 12:17:51 GET /login 52µs
2026/02/19 12:17:51 GET /assets/Login-866E2Uml.js 161.375µs
2026/02/19 12:17:51 GET /api/v1/permissions/me 6.875µs
2026/02/19 12:17:51 GET /api/v1/ws 16.458µs
2026/02/19 12:17:52 POST /auth/login 78.963375ms
2026/02/19 12:17:52 GET /api/v1/permissions/me 639.5µs
2026/02/19 12:17:52 GET /api/v1/dashboard/charts 422.833µs
2026/02/19 12:17:52 GET /auth/me 1.223125ms
2026/02/19 12:17:52 GET /api/v1/dashboard 3.761542ms
2026/02/19 12:17:52 POST /api/v1/vendors 17.875µs
2026/02/19 12:17:52 ws: client disconnected
2026/02/19 12:17:52 GET /api/v1/ws 38.613608792s
2026/02/19 12:17:52 ws: client disconnected
2026/02/19 12:17:52 GET /api/v1/ws 15.81165575s
2026/02/19 12:17:53 GET / 79µs
2026/02/19 12:17:53 GET /assets/index-Bt0QygbR.css 137.208µs
2026/02/19 12:17:53 GET /assets/index-Dew7qRU6.js 321.75µs
2026/02/19 12:17:53 GET /assets/Dashboard-xBpeXwDS.js 111.584µs
2026/02/19 12:17:53 GET /assets/card-DWWy35-G.js 95.792µs
2026/02/19 12:17:53 GET /assets/smartphone-DmPzNC7F.js 70.959µs
2026/02/19 12:17:53 GET /api/v1/permissions/me 15.458µs
2026/02/19 12:17:53 GET /api/v1/ws 18.125µs
2026/02/19 12:17:53 GET /api/v1/dashboard/charts 35.125µs
2026/02/19 12:17:53 GET /api/v1/dashboard 9.916µs
2026/02/19 12:17:53 GET /auth/me 18.584µs
2026/02/19 12:17:53 GET /login 102.792µs
2026/02/19 12:17:53 GET /assets/Login-866E2Uml.js 144.417µs
2026/02/19 12:17:53 GET /api/v1/permissions/me 6.834µs
2026/02/19 12:17:53 GET /api/v1/ws 21.5µs
2026/02/19 12:17:54 POST /auth/login 79.375ms
2026/02/19 12:17:54 GET /api/v1/permissions/me 774.5µs
2026/02/19 12:17:54 GET /auth/me 169.167µs
2026/02/19 12:17:54 GET /api/v1/dashboard/charts 1.79025ms
2026/02/19 12:17:54 GET /api/v1/dashboard 4.211708ms
2026/02/19 12:17:54 POST /api/v1/categories 25.75µs
2026/02/19 12:17:54 POST /api/v1/categories 5.375µs
2026/02/19 12:17:54 POST /api/v1/parts 4.666µs
2026/02/19 12:17:54 POST /api/v1/parts 2.167µs
2026/02/19 12:17:54 POST /api/v1/boms 3.417µs
2026/02/19 12:17:54 POST /api/v1/inventory 2.125µs
2026/02/19 12:17:54 POST /api/v1/inventory 6.75µs
2026/02/19 12:17:54 POST /api/v1/workorders 5.541µs
2026/02/19 12:17:54 GET /api/v1/workorders/WO-NOSHR-1771532274051/bom-check 5.333µs
2026/02/19 12:17:57 GET / 77.459µs
2026/02/19 12:17:57 GET /assets/index-Bt0QygbR.css 133.292µs
2026/02/19 12:17:57 GET /assets/index-Dew7qRU6.js 308.125µs
2026/02/19 12:17:57 GET /assets/Dashboard-xBpeXwDS.js 110.042µs
2026/02/19 12:17:57 GET /assets/card-DWWy35-G.js 129.084µs
2026/02/19 12:17:57 GET /assets/smartphone-DmPzNC7F.js 65.791µs
2026/02/19 12:17:57 GET /api/v1/permissions/me 8.084µs
2026/02/19 12:17:57 GET /api/v1/ws 20.875µs
2026/02/19 12:17:57 GET /api/v1/dashboard/charts 13.875µs
2026/02/19 12:17:57 GET /api/v1/dashboard 15.541µs
2026/02/19 12:17:57 GET /auth/me 14.125µs
2026/02/19 12:17:57 GET /login 113.5µs
2026/02/19 12:17:57 GET /login 45.5µs
2026/02/19 12:17:57 GET /assets/Login-866E2Uml.js 201.667µs
2026/02/19 12:17:57 GET /api/v1/permissions/me 18.583µs
2026/02/19 12:17:57 GET /api/v1/ws 22.666µs
2026/02/19 12:17:58 POST /auth/login 79.842875ms
2026/02/19 12:17:58 GET /api/v1/permissions/me 793.625µs
2026/02/19 12:17:58 GET /vendors 174.958µs
2026/02/19 12:17:58 GET /assets/Vendors-BySSoI1N.js 163.5µs
2026/02/19 12:17:58 GET /assets/textarea-CTuX-VZC.js 61.958µs
2026/02/19 12:17:58 GET /assets/index-h6U1EKwc.js 92.417µs
2026/02/19 12:17:58 GET /assets/table-DjYd6P0o.js 225.084µs
2026/02/19 12:17:58 GET /assets/chevron-down-Q0JaND9d.js 92.833µs
2026/02/19 12:17:58 GET /assets/select-B9zISdHe.js 236.834µs
2026/02/19 12:17:58 GET /assets/trash-2-BoimMcGM.js 79.5µs
2026/02/19 12:17:58 GET /assets/ConfirmDialog-C7sWeMLG.js 107.875µs
2026/02/19 12:17:58 GET /assets/plus-CmRZRB1C.js 73.208µs
2026/02/19 12:17:58 GET /assets/mail-er2J8BCh.js 57.25µs
2026/02/19 12:17:58 GET /assets/globe-Ch9P0cjw.js 81.084µs
2026/02/19 12:17:58 GET /assets/building-J9wMWPbQ.js 96µs
2026/02/19 12:17:58 GET /assets/square-pen-Cfq97WTI.js 54.291µs
2026/02/19 12:17:58 GET /assets/phone-IxAOvJO5.js 50.417µs
2026/02/19 12:17:58 ws: client connected (2 total)
2026/02/19 12:17:58 GET /api/v1/permissions/me 1.099208ms
2026/02/19 12:17:58 GET /auth/me 343.75µs
2026/02/19 12:17:58 GET /api/v1/vendors 4.268167ms
2026/02/19 12:18:10 GET / 87.625µs
2026/02/19 12:18:10 GET /assets/index-Bt0QygbR.css 106µs
2026/02/19 12:18:10 GET /assets/index-Dew7qRU6.js 264.959µs
2026/02/19 12:18:10 GET /assets/card-DWWy35-G.js 105.833µs
2026/02/19 12:18:10 GET /assets/Dashboard-xBpeXwDS.js 113.458µs
2026/02/19 12:18:10 GET /assets/smartphone-DmPzNC7F.js 92.667µs
2026/02/19 12:18:11 GET /api/v1/permissions/me 16.667µs
2026/02/19 12:18:11 GET /api/v1/ws 22.125µs
2026/02/19 12:18:11 GET /api/v1/dashboard/charts 27.708µs
2026/02/19 12:18:11 GET /api/v1/dashboard 16.167µs
2026/02/19 12:18:11 GET /auth/me 22.666µs
2026/02/19 12:18:11 GET /login 162.083µs
2026/02/19 12:18:11 GET /login 61.458µs
2026/02/19 12:18:11 GET /assets/Login-866E2Uml.js 179.5µs
2026/02/19 12:18:11 GET /api/v1/permissions/me 6.916µs
2026/02/19 12:18:11 GET /api/v1/ws 18.416µs
2026/02/19 12:18:11 POST /auth/login 13.458µs
2026/02/19 12:18:12 GET /api/v1/ws 67.75µs
2026/02/19 12:18:14 GET /api/v1/ws 77.25µs
2026/02/19 12:18:18 GET /api/v1/ws 87.25µs
2026/02/19 12:18:26 GET /api/v1/ws 72.042µs
2026/02/19 12:18:37 ws: client disconnected
2026/02/19 12:18:37 GET /api/v1/ws 38.844054708s
2026/02/19 12:18:42 GET /api/v1/ws 35.5µs
2026/02/19 12:18:47 GET /api/v1/vendors 21µs
2026/02/19 12:18:47 GET / 70.542µs
2026/02/19 12:18:51 GET /api/v1/vendors 39.375µs
2026/02/19 12:18:54 GET / 78.833µs
2026/02/19 12:18:54 GET /assets/index-Bt0QygbR.css 102.292µs
2026/02/19 12:18:54 GET /assets/index-Dew7qRU6.js 493.292µs
2026/02/19 12:18:55 GET /assets/smartphone-DmPzNC7F.js 67.292µs
2026/02/19 12:18:55 GET /assets/Dashboard-xBpeXwDS.js 117.792µs
2026/02/19 12:18:55 GET /assets/card-DWWy35-G.js 118.334µs
2026/02/19 12:18:55 GET /api/v1/permissions/me 9.875µs
2026/02/19 12:18:55 GET /api/v1/ws 17.834µs
2026/02/19 12:18:55 GET /api/v1/dashboard/charts 28.25µs
2026/02/19 12:18:55 GET /api/v1/dashboard 11.25µs
2026/02/19 12:18:55 GET /auth/me 17.542µs
2026/02/19 12:18:55 GET /login 148.959µs
2026/02/19 12:18:55 GET /login 51.667µs
2026/02/19 12:18:55 GET /assets/Login-866E2Uml.js 163.375µs
2026/02/19 12:18:55 GET /api/v1/permissions/me 8µs
2026/02/19 12:18:55 GET /api/v1/ws 15.541µs
2026/02/19 12:18:56 POST /auth/login 79.427708ms
2026/02/19 12:18:56 GET /api/v1/permissions/me 904.75µs
2026/02/19 12:18:56 GET /vendors 116.25µs
2026/02/19 12:18:56 GET /assets/Vendors-BySSoI1N.js 176.125µs
2026/02/19 12:18:56 GET /assets/textarea-CTuX-VZC.js 107.833µs
2026/02/19 12:18:56 GET /assets/table-DjYd6P0o.js 167.584µs
2026/02/19 12:18:56 GET /assets/select-B9zISdHe.js 141.75µs
2026/02/19 12:18:56 GET /assets/chevron-down-Q0JaND9d.js 114.458µs
2026/02/19 12:18:56 GET /assets/index-h6U1EKwc.js 110.5µs
2026/02/19 12:18:56 GET /assets/ConfirmDialog-C7sWeMLG.js 132.5µs
2026/02/19 12:18:56 GET /assets/trash-2-BoimMcGM.js 88.209µs
2026/02/19 12:18:56 GET /assets/plus-CmRZRB1C.js 101µs
2026/02/19 12:18:56 GET /assets/mail-er2J8BCh.js 59.709µs
2026/02/19 12:18:56 GET /assets/phone-IxAOvJO5.js 43.75µs
2026/02/19 12:18:56 GET /assets/building-J9wMWPbQ.js 111.666µs
2026/02/19 12:18:56 GET /assets/globe-Ch9P0cjw.js 65.291µs
2026/02/19 12:18:56 GET /assets/square-pen-Cfq97WTI.js 49.834µs
2026/02/19 12:18:56 GET /api/v1/ws 160.75µs
2026/02/19 12:18:56 GET /api/v1/permissions/me 1.29225ms
2026/02/19 12:18:56 GET /auth/me 527.584µs
2026/02/19 12:18:56 GET /api/v1/vendors 4.070792ms
2026/02/19 12:18:57 ws: client connected (2 total)
2026/02/19 12:19:15 ws: client disconnected
2026/02/19 12:19:15 GET /api/v1/ws 18.641452167s
2026/02/19 12:19:19 GET / 83.292µs
2026/02/19 12:19:19 GET /assets/index-Bt0QygbR.css 111.75µs
2026/02/19 12:19:19 GET /assets/index-Dew7qRU6.js 247.208µs
2026/02/19 12:19:19 GET /assets/card-DWWy35-G.js 119.417µs
2026/02/19 12:19:19 GET /assets/Dashboard-xBpeXwDS.js 119.875µs
2026/02/19 12:19:19 GET /assets/smartphone-DmPzNC7F.js 60.834µs
2026/02/19 12:19:19 GET /api/v1/permissions/me 13.583µs
2026/02/19 12:19:19 GET /api/v1/ws 22.125µs
2026/02/19 12:19:19 GET /api/v1/dashboard 29.583µs
2026/02/19 12:19:19 GET /api/v1/dashboard/charts 11.292µs
2026/02/19 12:19:19 GET /auth/me 19.875µs
2026/02/19 12:19:19 GET /login 175.125µs
2026/02/19 12:19:19 GET /assets/Login-866E2Uml.js 147.375µs
2026/02/19 12:19:19 GET /api/v1/permissions/me 7.417µs
2026/02/19 12:19:19 GET /api/v1/ws 17.625µs
2026/02/19 12:19:20 POST /auth/login 79.394375ms
2026/02/19 12:19:20 GET /api/v1/permissions/me 796.875µs
2026/02/19 12:19:20 GET /api/v1/dashboard/charts 524.625µs
2026/02/19 12:19:20 GET /auth/me 2.120375ms
2026/02/19 12:19:20 GET /api/v1/dashboard 4.249292ms
2026/02/19 12:19:20 POST /api/v1/vendors 3.941709ms
2026/02/19 12:19:20 POST /api/v1/categories 1.042667ms
2026/02/19 12:19:20 POST /api/v1/categories 899.25µs
2026/02/19 12:19:20 POST /api/v1/categories 908.625µs
2026/02/19 12:19:20 POST /api/v1/parts 655.417µs
2026/02/19 12:19:20 POST /api/v1/parts 741.333µs
2026/02/19 12:19:20 POST /api/v1/parts 624.333µs
2026/02/19 12:19:20 POST /api/v1/boms 632.958µs
2026/02/19 12:19:20 POST /api/v1/boms 526.917µs
2026/02/19 12:19:20 POST /api/v1/inventory 651.458µs
2026/02/19 12:19:20 POST /api/v1/inventory 555.875µs
2026/02/19 12:19:20 POST /api/v1/inventory 878.792µs
2026/02/19 12:19:20 GET /work-orders 79.042µs
2026/02/19 12:19:20 GET /assets/WorkOrders-MEIPsT96.js 160.25µs
2026/02/19 12:19:20 GET /assets/textarea-CTuX-VZC.js 60.458µs
2026/02/19 12:19:20 GET /assets/select-B9zISdHe.js 117.375µs
2026/02/19 12:19:20 GET /assets/chevron-down-Q0JaND9d.js 75.958µs
2026/02/19 12:19:20 GET /assets/index-h6U1EKwc.js 119.709µs
2026/02/19 12:19:20 GET /assets/ConfigurableTable-DmRF_7aa.js 147.833µs
2026/02/19 12:19:20 GET /assets/settings-2-uy1ZUeww.js 51.375µs
2026/02/19 12:19:20 GET /assets/table-DjYd6P0o.js 115.167µs
2026/02/19 12:19:20 GET /assets/checkbox-DX64Om4C.js 92.167µs
2026/02/19 12:19:20 GET /assets/BulkEditDialog-D_drUQvi.js 124.458µs
2026/02/19 12:19:20 GET /assets/plus-CmRZRB1C.js 83.292µs
2026/02/19 12:19:20 GET /assets/pencil--doUhT9O.js 102.542µs
2026/02/19 12:19:20 GET /assets/play-C65098LN.js 276.541µs
2026/02/19 12:19:20 GET /assets/circle-check-big-Dndh3-NN.js 278.125µs
2026/02/19 12:19:20 GET /assets/trash-2-BoimMcGM.js 69µs
2026/02/19 12:19:20 GET /api/v1/permissions/me 330.667µs
2026/02/19 12:19:20 ws: client connected (2 total)
2026/02/19 12:19:20 GET /auth/me 136.333µs
2026/02/19 12:19:20 GET /api/v1/workorders 4.54475ms
2026/02/19 12:19:20 GET /api/v1/parts 8.128708ms
2026/02/19 12:19:25 GET / 94.5µs
2026/02/19 12:19:25 GET /assets/index-Bt0QygbR.css 119.292µs
2026/02/19 12:19:25 GET /assets/index-Dew7qRU6.js 256.708µs
2026/02/19 12:19:25 GET /assets/Dashboard-xBpeXwDS.js 138.916µs
2026/02/19 12:19:25 GET /assets/card-DWWy35-G.js 139.417µs
2026/02/19 12:19:25 GET /assets/smartphone-DmPzNC7F.js 91.5µs
2026/02/19 12:19:25 GET /api/v1/permissions/me 11.875µs
2026/02/19 12:19:25 GET /api/v1/ws 30.833µs
2026/02/19 12:19:26 GET /api/v1/dashboard 37.25µs
2026/02/19 12:19:26 GET /api/v1/dashboard/charts 17.042µs
2026/02/19 12:19:26 GET /auth/me 20.584µs
2026/02/19 12:19:26 GET /login 178.917µs
2026/02/19 12:19:26 GET /assets/Login-866E2Uml.js 152.25µs
2026/02/19 12:19:26 GET /api/v1/permissions/me 7.292µs
2026/02/19 12:19:26 GET /api/v1/ws 17µs
2026/02/19 12:19:26 POST /auth/login 78.743834ms
2026/02/19 12:19:26 GET /api/v1/permissions/me 859.417µs
2026/02/19 12:19:26 GET /work-orders 94.459µs
2026/02/19 12:19:26 GET /assets/WorkOrders-MEIPsT96.js 156.542µs
2026/02/19 12:19:26 GET /assets/textarea-CTuX-VZC.js 67.25µs
2026/02/19 12:19:26 GET /assets/select-B9zISdHe.js 186.625µs
2026/02/19 12:19:26 GET /assets/index-h6U1EKwc.js 98.125µs
2026/02/19 12:19:26 GET /assets/chevron-down-Q0JaND9d.js 96.208µs
2026/02/19 12:19:26 GET /assets/ConfigurableTable-DmRF_7aa.js 133.875µs
2026/02/19 12:19:26 GET /assets/table-DjYd6P0o.js 106.708µs
2026/02/19 12:19:26 GET /assets/settings-2-uy1ZUeww.js 110.458µs
2026/02/19 12:19:26 GET /assets/checkbox-DX64Om4C.js 127.917µs
2026/02/19 12:19:26 GET /assets/pencil--doUhT9O.js 71.25µs
2026/02/19 12:19:26 GET /assets/plus-CmRZRB1C.js 53.375µs
2026/02/19 12:19:26 GET /assets/BulkEditDialog-D_drUQvi.js 169.625µs
2026/02/19 12:19:26 GET /assets/play-C65098LN.js 48.292µs
2026/02/19 12:19:26 GET /assets/circle-check-big-Dndh3-NN.js 69.792µs
2026/02/19 12:19:26 GET /assets/trash-2-BoimMcGM.js 52µs
2026/02/19 12:19:26 ws: client connected (3 total)
2026/02/19 12:19:26 GET /api/v1/permissions/me 752.042µs
2026/02/19 12:19:27 GET /auth/me 203.416µs
2026/02/19 12:19:27 GET /api/v1/workorders 2.929375ms
2026/02/19 12:19:27 GET /api/v1/parts 5.810083ms
2026/02/19 12:19:27 GET /inventory 88.75µs
2026/02/19 12:19:27 ws: client disconnected
2026/02/19 12:19:27 GET /api/v1/ws 874.575083ms
2026/02/19 12:19:27 GET /assets/Inventory-D3IgSyWt.js 171.209µs
2026/02/19 12:19:27 GET /assets/ConfirmDialog-C7sWeMLG.js 91.042µs
2026/02/19 12:19:27 GET /assets/BarcodeScanner-Cwi2kHVA.js 315.25µs
2026/02/19 12:19:27 GET /api/v1/ws 114.459µs
2026/02/19 12:19:27 GET /api/v1/permissions/me 1.047291ms
2026/02/19 12:19:28 GET /auth/me 339.416µs
2026/02/19 12:19:28 GET /api/v1/inventory 4.889041ms
2026/02/19 12:19:28 GET /api/v1/parts 7.244875ms
2026/02/19 12:19:28 GET /parts 97.542µs
2026/02/19 12:19:28 GET /assets/Parts-BdrA9tdd.js 178.75µs
2026/02/19 12:19:28 GET /assets/useGitPLM-DB03wPy-.js 74.541µs
2026/02/19 12:19:28 GET /assets/funnel-lKwYawfW.js 63.5µs
2026/02/19 12:19:28 GET /assets/external-link-DmrGaOJw.js 46.917µs
2026/02/19 12:19:28 GET /assets/chevron-left-FqMTcXR4.js 119.334µs
2026/02/19 12:19:28 ws: client connected (3 total)
2026/02/19 12:19:28 GET /api/v1/permissions/me 1.2825ms
2026/02/19 12:19:28 GET /auth/me 239.333µs
2026/02/19 12:19:28 GET /api/v1/parts/categories 168.75µs
2026/02/19 12:19:28 GET /api/v1/settings/gitplm 4.53825ms
2026/02/19 12:19:28 ws: client disconnected
2026/02/19 12:19:28 GET /api/v1/ws 326.982667ms
2026/02/19 12:19:28 ws: client connected (3 total)
2026/02/19 12:19:28 GET /api/v1/permissions/me 1.037875ms
2026/02/19 12:19:29 GET /procurement 61.041µs
2026/02/19 12:19:29 ws: client disconnected
2026/02/19 12:19:29 GET /api/v1/ws 552.110959ms
2026/02/19 12:19:29 GET /assets/Procurement-CC9_Lwsb.js 189.459µs
2026/02/19 12:19:29 ws: client connected (3 total)
2026/02/19 12:19:29 GET /api/v1/permissions/me 935.833µs
2026/02/19 12:19:29 GET /api/v1/vendors 510.125µs
2026/02/19 12:19:29 GET /api/v1/pos 6.35975ms
2026/02/19 12:19:29 GET /auth/me 2.861708ms
2026/02/19 12:19:29 GET /api/v1/parts 7.856083ms
2026/02/19 12:19:29 ws: client disconnected
2026/02/19 12:19:29 GET /api/v1/ws 322.39175ms
2026/02/19 12:19:29 ws: client connected (3 total)
2026/02/19 12:19:29 GET /api/v1/permissions/me 1.137917ms
2026/02/19 12:19:30 ws: client disconnected
2026/02/19 12:19:30 GET /api/v1/ws 580.450958ms
2026/02/19 12:19:30 GET / 158.958µs
2026/02/19 12:19:30 GET /assets/index-Bt0QygbR.css 103.167µs
2026/02/19 12:19:30 GET /assets/index-Dew7qRU6.js 430.75µs
2026/02/19 12:19:30 GET /assets/Dashboard-xBpeXwDS.js 106.958µs
2026/02/19 12:19:30 GET /assets/card-DWWy35-G.js 74.917µs
2026/02/19 12:19:30 GET /assets/smartphone-DmPzNC7F.js 74.333µs
2026/02/19 12:19:30 GET /api/v1/permissions/me 9.375µs
2026/02/19 12:19:30 GET /api/v1/ws 29µs
2026/02/19 12:19:30 GET /api/v1/dashboard/charts 22.666µs
2026/02/19 12:19:30 GET /api/v1/dashboard 26.333µs
2026/02/19 12:19:30 GET /auth/me 21.667µs
2026/02/19 12:19:30 GET /login 140.416µs
2026/02/19 12:19:30 GET /login 115.25µs
2026/02/19 12:19:30 GET /assets/Login-866E2Uml.js 151.25µs
2026/02/19 12:19:30 GET /api/v1/permissions/me 7.958µs
2026/02/19 12:19:30 GET /api/v1/ws 17.041µs
2026/02/19 12:19:31 POST /auth/login 78.538708ms
2026/02/19 12:19:31 GET /api/v1/permissions/me 751.5µs
2026/02/19 12:19:31 GET /api/v1/dashboard/charts 359.375µs
2026/02/19 12:19:31 GET /auth/me 156µs
2026/02/19 12:19:31 GET /api/v1/dashboard 3.1375ms
2026/02/19 12:19:31 GET /api/work-orders 21.708µs
2026/02/19 12:19:31 GET /api/inventory 4.666µs
2026/02/19 12:19:31 GET /api/parts 6µs
2026/02/19 12:19:31 GET /api/bom 6.25µs
2026/02/19 12:19:31 GET /api/procurement 4.375µs
2026/02/19 12:19:31 GET / 75.916µs
2026/02/19 12:19:31 GET /assets/index-Bt0QygbR.css 109.458µs
2026/02/19 12:19:31 GET /assets/index-Dew7qRU6.js 299.625µs
2026/02/19 12:19:31 GET /assets/Dashboard-xBpeXwDS.js 101µs
2026/02/19 12:19:31 GET /assets/card-DWWy35-G.js 67.708µs
2026/02/19 12:19:31 GET /assets/smartphone-DmPzNC7F.js 48.667µs
2026/02/19 12:19:31 GET /api/v1/permissions/me 11.875µs
2026/02/19 12:19:31 GET /api/v1/ws 22.125µs
2026/02/19 12:19:31 GET /api/v1/dashboard 20.458µs
2026/02/19 12:19:31 GET /api/v1/dashboard/charts 10.083µs
2026/02/19 12:19:31 GET /auth/me 8.666µs
2026/02/19 12:19:31 GET /login 111.5µs
2026/02/19 12:19:31 GET /login 80.25µs
2026/02/19 12:19:31 GET /assets/Login-866E2Uml.js 156.125µs
2026/02/19 12:19:31 GET /api/v1/permissions/me 10.875µs
2026/02/19 12:19:31 GET /api/v1/ws 19.5µs
2026/02/19 12:19:32 POST /auth/login 77.943125ms
2026/02/19 12:19:32 GET /api/v1/permissions/me 761.459µs
2026/02/19 12:19:32 GET /api/v1/dashboard/charts 289.541µs
2026/02/19 12:19:32 GET /auth/me 100.708µs
2026/02/19 12:19:32 GET /api/v1/dashboard 2.455041ms
2026/02/19 12:19:32 GET / 112.458µs
2026/02/19 12:19:32 GET /assets/index-Bt0QygbR.css 95.583µs
2026/02/19 12:19:32 GET /assets/index-Dew7qRU6.js 292.291µs
2026/02/19 12:19:32 GET /assets/Dashboard-xBpeXwDS.js 347.5µs
2026/02/19 12:19:32 GET /assets/card-DWWy35-G.js 121.333µs
2026/02/19 12:19:32 GET /assets/smartphone-DmPzNC7F.js 359.958µs
2026/02/19 12:19:32 GET /api/v1/permissions/me 12.083µs
2026/02/19 12:19:32 GET /api/v1/ws 29.958µs
2026/02/19 12:19:33 GET / 88.625µs
2026/02/19 12:19:33 GET /assets/index-Bt0QygbR.css 106.375µs
2026/02/19 12:19:33 GET /assets/index-Dew7qRU6.js 366.833µs
2026/02/19 12:19:33 GET /assets/Dashboard-xBpeXwDS.js 121.584µs
2026/02/19 12:19:33 GET /assets/card-DWWy35-G.js 82.25µs
2026/02/19 12:19:33 GET /assets/smartphone-DmPzNC7F.js 73.167µs
2026/02/19 12:19:33 GET /api/v1/permissions/me 10.917µs
2026/02/19 12:19:33 GET /api/v1/ws 19.875µs
2026/02/19 12:19:33 GET /api/v1/dashboard 9.333µs
2026/02/19 12:19:33 GET /api/v1/dashboard/charts 6µs
2026/02/19 12:19:33 GET /auth/me 12.875µs
2026/02/19 12:19:33 GET /login 66.875µs
2026/02/19 12:19:33 GET /login 121.625µs
2026/02/19 12:19:33 GET /assets/Login-866E2Uml.js 133.25µs
2026/02/19 12:19:33 GET /api/v1/permissions/me 7.625µs
2026/02/19 12:19:33 GET /api/v1/ws 13.709µs
2026/02/19 12:19:33 GET /api/v1/dashboard/charts 31.333µs
2026/02/19 12:19:33 GET /api/v1/dashboard 15µs
2026/02/19 12:19:33 GET /auth/me 24.125µs
2026/02/19 12:19:33 GET /login 91.333µs
2026/02/19 12:19:33 GET /assets/Login-866E2Uml.js 120.291µs
2026/02/19 12:19:33 GET /api/v1/permissions/me 8.667µs
2026/02/19 12:19:33 GET /api/v1/ws 17.084µs
2026/02/19 12:19:33 POST /auth/login 20.292µs
2026/02/19 12:19:33 POST /auth/login 14µs
2026/02/19 12:19:34 GET /api/v1/ws 69.125µs
2026/02/19 12:19:34 GET /api/v1/ws 72.542µs
2026/02/19 12:19:36 GET /api/v1/ws 88.834µs
2026/02/19 12:19:36 GET /api/v1/ws 65.958µs
2026/02/19 12:19:37 GET /vendors 83.167µs
2026/02/19 12:19:37 GET /assets/Vendors-BySSoI1N.js 144.875µs
2026/02/19 12:19:37 GET /assets/textarea-CTuX-VZC.js 68.375µs
2026/02/19 12:19:37 GET /assets/table-DjYd6P0o.js 155.625µs
2026/02/19 12:19:37 GET /assets/index-h6U1EKwc.js 71.042µs
2026/02/19 12:19:37 GET /assets/select-B9zISdHe.js 111.292µs
2026/02/19 12:19:37 GET /assets/chevron-down-Q0JaND9d.js 69.958µs
2026/02/19 12:19:37 GET /assets/trash-2-BoimMcGM.js 60.917µs
2026/02/19 12:19:37 GET /assets/plus-CmRZRB1C.js 58.833µs
2026/02/19 12:19:37 GET /assets/ConfirmDialog-C7sWeMLG.js 95.292µs
2026/02/19 12:19:37 GET /api/v1/ws 26.875µs
2026/02/19 12:19:37 GET /assets/mail-er2J8BCh.js 67.125µs
2026/02/19 12:19:37 GET /assets/globe-Ch9P0cjw.js 71.25µs
2026/02/19 12:19:37 GET /assets/phone-IxAOvJO5.js 54.75µs
2026/02/19 12:19:37 GET /assets/square-pen-Cfq97WTI.js 50.958µs
2026/02/19 12:19:37 GET /api/v1/permissions/me 6.875µs
2026/02/19 12:19:37 GET /assets/building-J9wMWPbQ.js 110.417µs
2026/02/19 12:19:37 GET /api/v1/vendors 42.125µs
2026/02/19 12:19:37 GET /auth/me 21.75µs
2026/02/19 12:19:37 GET /api/v1/permissions/me 8.084µs
2026/02/19 12:19:37 GET /api/v1/ws 23.167µs
2026/02/19 12:19:38 GET /api/v1/ws 81.542µs
2026/02/19 12:19:40 GET /api/v1/ws 47.292µs
2026/02/19 12:19:48 GET /api/v1/ws 74.375µs
2026/02/19 12:20:03 GET / 77.584µs
2026/02/19 12:20:03 GET /assets/index-Bt0QygbR.css 143.583µs
2026/02/19 12:20:03 GET /assets/index-Dew7qRU6.js 282.083µs
2026/02/19 12:20:03 GET /assets/card-DWWy35-G.js 109.875µs
2026/02/19 12:20:03 GET /assets/Dashboard-xBpeXwDS.js 178.375µs
2026/02/19 12:20:03 GET /assets/smartphone-DmPzNC7F.js 62.667µs
2026/02/19 12:20:03 GET /api/v1/permissions/me 12.042µs
2026/02/19 12:20:03 GET /api/v1/ws 22.417µs
2026/02/19 12:20:03 GET /api/v1/dashboard 21.541µs
2026/02/19 12:20:03 GET /auth/me 12.083µs
2026/02/19 12:20:03 GET /api/v1/dashboard/charts 12.083µs
2026/02/19 12:20:03 GET /login 149.208µs
2026/02/19 12:20:03 GET /login 69.167µs
2026/02/19 12:20:03 GET /assets/Login-866E2Uml.js 168.667µs
2026/02/19 12:20:03 GET /api/v1/permissions/me 5.792µs
2026/02/19 12:20:03 GET /api/v1/ws 22.542µs
2026/02/19 12:20:04 POST /auth/login 78.554792ms
2026/02/19 12:20:04 GET /api/v1/permissions/me 860.25µs
2026/02/19 12:20:04 GET /vendors 114.084µs
2026/02/19 12:20:04 GET /assets/Vendors-BySSoI1N.js 149.125µs
2026/02/19 12:20:04 GET /assets/textarea-CTuX-VZC.js 64.75µs
2026/02/19 12:20:04 GET /assets/table-DjYd6P0o.js 165.417µs
2026/02/19 12:20:04 GET /assets/select-B9zISdHe.js 132.458µs
2026/02/19 12:20:04 GET /assets/index-h6U1EKwc.js 113.417µs
2026/02/19 12:20:04 GET /assets/trash-2-BoimMcGM.js 54.583µs
2026/02/19 12:20:04 GET /assets/ConfirmDialog-C7sWeMLG.js 116.417µs
2026/02/19 12:20:04 GET /assets/chevron-down-Q0JaND9d.js 72.084µs
2026/02/19 12:20:04 GET /assets/globe-Ch9P0cjw.js 80.25µs
2026/02/19 12:20:04 GET /assets/phone-IxAOvJO5.js 291.334µs
2026/02/19 12:20:04 GET /assets/square-pen-Cfq97WTI.js 303.625µs
2026/02/19 12:20:04 GET /assets/mail-er2J8BCh.js 300.834µs
2026/02/19 12:20:04 GET /assets/plus-CmRZRB1C.js 374.708µs
2026/02/19 12:20:04 GET /assets/building-J9wMWPbQ.js 409.917µs
2026/02/19 12:20:04 ws: client connected (3 total)
2026/02/19 12:20:04 GET /api/v1/permissions/me 895.417µs
2026/02/19 12:20:04 GET /api/v1/ws 50.75µs
2026/02/19 12:20:04 GET /auth/me 250.084µs
2026/02/19 12:20:04 GET /api/v1/vendors 1.614875ms
2026/02/19 12:20:19 ws: client disconnected
2026/02/19 12:20:19 GET /api/v1/ws 58.916259583s
2026/02/19 12:20:20 GET / 88.833µs
2026/02/19 12:20:20 GET /assets/index-Bt0QygbR.css 105.083µs
2026/02/19 12:20:20 GET /assets/index-Dew7qRU6.js 244.167µs
2026/02/19 12:20:20 GET /assets/smartphone-DmPzNC7F.js 60.75µs
2026/02/19 12:20:20 GET /assets/card-DWWy35-G.js 129.75µs
2026/02/19 12:20:20 GET /assets/Dashboard-xBpeXwDS.js 88.917µs
2026/02/19 12:20:20 GET /api/v1/permissions/me 10.291µs
2026/02/19 12:20:20 GET /api/v1/ws 22.291µs
2026/02/19 12:20:20 GET /api/v1/dashboard 29.834µs
2026/02/19 12:20:20 GET /auth/me 11.709µs
2026/02/19 12:20:20 GET /api/v1/dashboard/charts 8.375µs
2026/02/19 12:20:20 GET /login 145.541µs
2026/02/19 12:20:20 GET /login 50.417µs
2026/02/19 12:20:20 GET /assets/Login-866E2Uml.js 167.791µs
2026/02/19 12:20:20 GET /api/v1/permissions/me 9.458µs
2026/02/19 12:20:20 GET /api/v1/ws 37.708µs
2026/02/19 12:20:21 POST /auth/login 78.905042ms
2026/02/19 12:20:21 GET /api/v1/permissions/me 790.208µs
2026/02/19 12:20:21 GET /api/v1/dashboard/charts 130.916µs
2026/02/19 12:20:21 GET /auth/me 262.417µs
2026/02/19 12:20:21 GET /api/v1/dashboard 4.711042ms
2026/02/19 12:20:21 POST /api/v1/categories 1.395292ms
2026/02/19 12:20:21 POST /api/v1/categories 1.320667ms
2026/02/19 12:20:21 POST /api/v1/parts 1.027667ms
2026/02/19 12:20:21 ws: client connected (3 total)
2026/02/19 12:20:21 GET /api/v1/permissions/me 959.167µs
2026/02/19 12:20:21 POST /api/v1/parts 953.541µs
2026/02/19 12:20:21 POST /api/v1/boms 756µs
2026/02/19 12:20:21 POST /api/v1/inventory 630.833µs
2026/02/19 12:20:21 POST /api/v1/inventory 704.292µs
2026/02/19 12:20:21 POST /api/v1/workorders 648.5µs
2026/02/19 12:20:21 GET /api/v1/workorders/WO-NOSHR-1771532421423/bom-check 753.792µs
2026/02/19 12:20:21 ws: client disconnected
2026/02/19 12:20:21 GET /api/v1/ws 62.974833ms
2026/02/19 12:20:33 GET / 81.958µs
2026/02/19 12:20:33 GET /assets/index-Bt0QygbR.css 135.917µs
2026/02/19 12:20:33 GET /assets/index-Dew7qRU6.js 252.833µs
2026/02/19 12:20:33 GET /assets/Dashboard-xBpeXwDS.js 107.375µs
2026/02/19 12:20:33 GET /assets/card-DWWy35-G.js 97.541µs
2026/02/19 12:20:33 GET /assets/smartphone-DmPzNC7F.js 62.416µs
2026/02/19 12:20:33 GET /api/v1/permissions/me 8.791µs
2026/02/19 12:20:33 GET /api/v1/ws 27.084µs
2026/02/19 12:20:33 GET /api/v1/dashboard 19.375µs
2026/02/19 12:20:33 GET /auth/me 10.167µs
2026/02/19 12:20:33 GET /api/v1/dashboard/charts 8.75µs
2026/02/19 12:20:33 GET /login 120.375µs
2026/02/19 12:20:33 GET /login 57.958µs
2026/02/19 12:20:33 GET /assets/Login-866E2Uml.js 181.625µs
2026/02/19 12:20:33 GET /api/v1/permissions/me 10.042µs
2026/02/19 12:20:33 GET /api/v1/ws 20.958µs
2026/02/19 12:20:34 POST /auth/login 77.3695ms
2026/02/19 12:20:34 GET /api/v1/permissions/me 694.375µs
2026/02/19 12:20:34 GET /api/v1/dashboard/charts 370.125µs
2026/02/19 12:20:34 GET /auth/me 115.583µs
2026/02/19 12:20:34 GET /api/v1/dashboard 3.057125ms
2026/02/19 12:20:34 POST /api/v1/categories 936.375µs
2026/02/19 12:20:34 POST /api/v1/categories 880µs
2026/02/19 12:20:34 POST /api/v1/parts 672.917µs
2026/02/19 12:20:34 POST /api/v1/parts 606.042µs
2026/02/19 12:20:34 POST /api/v1/boms 587.333µs
2026/02/19 12:20:34 POST /api/v1/inventory 663.666µs
2026/02/19 12:20:34 POST /api/v1/inventory 581.583µs
2026/02/19 12:20:34 POST /api/v1/workorders 729.083µs
2026/02/19 12:20:34 GET /api/v1/workorders/WO-NOSHR-1771532434579/bom-check 630.125µs
2026/02/19 12:20:35 GET / 69.875µs
2026/02/19 12:20:35 GET /assets/index-Bt0QygbR.css 110.375µs
2026/02/19 12:20:35 GET /assets/index-Dew7qRU6.js 344.75µs
2026/02/19 12:20:35 GET /assets/Dashboard-xBpeXwDS.js 119.417µs
2026/02/19 12:20:35 GET /assets/smartphone-DmPzNC7F.js 49.667µs
2026/02/19 12:20:35 GET /assets/card-DWWy35-G.js 79.083µs
2026/02/19 12:20:35 GET /api/v1/permissions/me 8.167µs
2026/02/19 12:20:35 GET /api/v1/ws 20.292µs
2026/02/19 12:20:35 GET /api/v1/dashboard 22.25µs
2026/02/19 12:20:35 GET /auth/me 12.458µs
2026/02/19 12:20:35 GET /api/v1/dashboard/charts 7.167µs
2026/02/19 12:20:35 GET /login 156.583µs
2026/02/19 12:20:35 GET /login 60.291µs
2026/02/19 12:20:35 GET /assets/Login-866E2Uml.js 168.458µs
2026/02/19 12:20:35 GET /api/v1/permissions/me 10.875µs
2026/02/19 12:20:35 GET /api/v1/ws 28.708µs
2026/02/19 12:20:36 POST /auth/login 77.880208ms
2026/02/19 12:20:36 GET /api/v1/permissions/me 849.416µs
2026/02/19 12:20:36 GET /vendors 92.875µs
2026/02/19 12:20:36 GET /assets/Vendors-BySSoI1N.js 153.125µs
2026/02/19 12:20:36 GET /assets/textarea-CTuX-VZC.js 69.792µs
2026/02/19 12:20:36 GET /assets/table-DjYd6P0o.js 111.875µs
2026/02/19 12:20:36 GET /assets/index-h6U1EKwc.js 55.75µs
2026/02/19 12:20:36 GET /assets/chevron-down-Q0JaND9d.js 87.708µs
2026/02/19 12:20:36 GET /assets/ConfirmDialog-C7sWeMLG.js 103.334µs
2026/02/19 12:20:36 GET /assets/select-B9zISdHe.js 191.375µs
2026/02/19 12:20:36 GET /assets/trash-2-BoimMcGM.js 48.917µs
2026/02/19 12:20:36 GET /assets/plus-CmRZRB1C.js 51.208µs
2026/02/19 12:20:36 GET /assets/mail-er2J8BCh.js 44.208µs
2026/02/19 12:20:36 GET /assets/building-J9wMWPbQ.js 90.167µs
2026/02/19 12:20:36 GET /assets/globe-Ch9P0cjw.js 62.208µs
2026/02/19 12:20:36 GET /assets/square-pen-Cfq97WTI.js 100.75µs
2026/02/19 12:20:36 GET /assets/phone-IxAOvJO5.js 99.958µs
2026/02/19 12:20:36 GET /api/v1/ws 111.416µs
2026/02/19 12:20:36 GET /api/v1/permissions/me 1.212375ms
2026/02/19 12:20:36 GET /auth/me 307.041µs
2026/02/19 12:20:36 GET /api/v1/vendors 1.660875ms
2026/02/19 12:20:37 ws: client connected (3 total)
2026/02/19 12:20:38 ws: client disconnected
2026/02/19 12:20:38 GET /api/v1/ws 1.12266575s
2026/02/19 12:20:48 GET / 82.125µs
2026/02/19 12:20:48 GET /assets/index-Bt0QygbR.css 101.208µs
2026/02/19 12:20:48 GET /assets/index-Dew7qRU6.js 301.042µs
2026/02/19 12:20:48 GET /assets/Dashboard-xBpeXwDS.js 120.291µs
2026/02/19 12:20:48 GET /assets/card-DWWy35-G.js 120.417µs
2026/02/19 12:20:48 GET /assets/smartphone-DmPzNC7F.js 73.625µs
2026/02/19 12:20:48 GET /api/v1/permissions/me 7.041µs
2026/02/19 12:20:48 GET /api/v1/ws 25.458µs
2026/02/19 12:20:48 GET /api/v1/dashboard 7.875µs
2026/02/19 12:20:48 GET /auth/me 4.75µs
2026/02/19 12:20:48 GET /api/v1/dashboard/charts 17.542µs
2026/02/19 12:20:48 GET /login 133.917µs
2026/02/19 12:20:48 GET /login 77µs
2026/02/19 12:20:48 GET /assets/Login-866E2Uml.js 130.25µs
2026/02/19 12:20:48 GET /api/v1/permissions/me 9.917µs
2026/02/19 12:20:48 GET /api/v1/ws 26.458µs
2026/02/19 12:20:49 POST /auth/login 78.552583ms
2026/02/19 12:20:49 GET /api/v1/permissions/me 901.208µs
2026/02/19 12:20:49 GET /work-orders 87.792µs
2026/02/19 12:20:49 GET /assets/WorkOrders-MEIPsT96.js 144.209µs
2026/02/19 12:20:49 GET /assets/textarea-CTuX-VZC.js 48.292µs
2026/02/19 12:20:49 GET /assets/index-h6U1EKwc.js 81.041µs
2026/02/19 12:20:49 GET /assets/select-B9zISdHe.js 138.708µs
2026/02/19 12:20:49 GET /assets/chevron-down-Q0JaND9d.js 53.083µs
2026/02/19 12:20:49 GET /assets/table-DjYd6P0o.js 103.458µs
2026/02/19 12:20:49 GET /assets/settings-2-uy1ZUeww.js 75.542µs
2026/02/19 12:20:49 GET /assets/ConfigurableTable-DmRF_7aa.js 229.208µs
2026/02/19 12:20:49 GET /assets/checkbox-DX64Om4C.js 150.958µs
2026/02/19 12:20:49 GET /assets/circle-check-big-Dndh3-NN.js 101.542µs
2026/02/19 12:20:49 GET /assets/BulkEditDialog-D_drUQvi.js 476.125µs
2026/02/19 12:20:49 GET /assets/plus-CmRZRB1C.js 138.959µs
2026/02/19 12:20:49 GET /assets/pencil--doUhT9O.js 407.75µs
2026/02/19 12:20:49 GET /assets/trash-2-BoimMcGM.js 113.917µs
2026/02/19 12:20:49 GET /assets/play-C65098LN.js 336.209µs
2026/02/19 12:20:49 ws: client connected (3 total)
2026/02/19 12:20:49 GET /api/v1/permissions/me 804.541µs
2026/02/19 12:20:49 GET /api/v1/workorders 462.25µs
2026/02/19 12:20:49 GET /auth/me 1.162542ms
2026/02/19 12:20:49 GET /api/v1/parts 3.515083ms
2026/02/19 12:20:49 GET /inventory 128.791µs
2026/02/19 12:20:50 ws: client disconnected
2026/02/19 12:20:50 GET /api/v1/ws 875.209667ms
2026/02/19 12:20:50 GET /assets/Inventory-D3IgSyWt.js 161.792µs
2026/02/19 12:20:50 GET /assets/ConfirmDialog-C7sWeMLG.js 94.458µs
2026/02/19 12:20:50 GET /assets/BarcodeScanner-Cwi2kHVA.js 167.666µs
2026/02/19 12:20:50 GET /api/v1/ws 104.583µs
2026/02/19 12:20:50 GET /api/v1/permissions/me 996µs
2026/02/19 12:20:50 GET /auth/me 227.458µs
2026/02/19 12:20:50 GET /api/v1/parts 1.078ms
2026/02/19 12:20:50 GET /api/v1/inventory 1.470166ms
2026/02/19 12:20:50 GET /api/v1/ws 155.208µs
2026/02/19 12:20:50 GET /api/v1/permissions/me 1.176083ms
2026/02/19 12:20:50 GET /parts 80µs
2026/02/19 12:20:50 GET /assets/Parts-BdrA9tdd.js 135.792µs
2026/02/19 12:20:50 GET /assets/useGitPLM-DB03wPy-.js 77.334µs
2026/02/19 12:20:50 GET /assets/funnel-lKwYawfW.js 75.917µs
2026/02/19 12:20:50 GET /assets/chevron-left-FqMTcXR4.js 65µs
2026/02/19 12:20:50 GET /assets/external-link-DmrGaOJw.js 57.709µs
2026/02/19 12:20:50 GET /api/v1/permissions/me 392.333µs
2026/02/19 12:20:50 ws: client connected (3 total)
2026/02/19 12:20:51 GET /auth/me 399.792µs
2026/02/19 12:20:51 GET /api/v1/settings/gitplm 1.104208ms
2026/02/19 12:20:51 GET /api/v1/parts/categories 4.950667ms
2026/02/19 12:20:51 GET /api/v1/parts 3.196292ms
2026/02/19 12:20:52 GET /procurement 73.417µs
2026/02/19 12:20:52 ws: client disconnected
2026/02/19 12:20:52 GET /api/v1/ws 1.171286125s
2026/02/19 12:20:52 GET /assets/Procurement-CC9_Lwsb.js 156.75µs
2026/02/19 12:20:52 ws: client connected (3 total)
2026/02/19 12:20:52 GET /api/v1/permissions/me 982.458µs
2026/02/19 12:20:52 GET /api/v1/vendors 626.625µs
2026/02/19 12:20:52 GET /auth/me 1.363208ms
2026/02/19 12:20:52 GET /api/v1/pos 2.782459ms
2026/02/19 12:20:52 GET /api/v1/parts 3.714291ms
2026/02/19 12:20:52 ws: client disconnected
2026/02/19 12:20:52 GET /api/v1/ws 310.02225ms
2026/02/19 12:20:52 ws: client connected (3 total)
2026/02/19 12:20:52 GET /api/v1/permissions/me 1.133875ms
2026/02/19 12:20:52 ws: client disconnected
2026/02/19 12:20:52 GET /api/v1/ws 564.496209ms
2026/02/19 12:20:53 GET / 107.625µs
2026/02/19 12:20:53 GET /assets/index-Bt0QygbR.css 173.292µs
2026/02/19 12:20:53 GET /assets/index-Dew7qRU6.js 459.417µs
2026/02/19 12:20:53 GET /assets/Dashboard-xBpeXwDS.js 143.291µs
2026/02/19 12:20:53 GET /assets/smartphone-DmPzNC7F.js 77.625µs
2026/02/19 12:20:53 GET /assets/card-DWWy35-G.js 147.792µs
2026/02/19 12:20:53 GET /api/v1/permissions/me 9.834µs
2026/02/19 12:20:53 GET /api/v1/ws 70.875µs
2026/02/19 12:20:53 GET /api/v1/dashboard 11.709µs
2026/02/19 12:20:53 GET /api/v1/dashboard/charts 5.459µs
2026/02/19 12:20:53 GET /auth/me 4.167µs
2026/02/19 12:20:53 GET /login 70.25µs
2026/02/19 12:20:53 GET /login 47µs
2026/02/19 12:20:53 GET /assets/Login-866E2Uml.js 118.167µs
2026/02/19 12:20:53 GET /api/v1/permissions/me 7.958µs
2026/02/19 12:20:53 GET /api/v1/ws 15.209µs
2026/02/19 12:20:53 POST /auth/login 12.916µs
2026/02/19 12:20:54 GET /api/v1/ws 86.667µs
2026/02/19 12:20:56 GET /api/v1/ws 38.709µs
2026/02/19 12:20:59 ws: client disconnected
2026/02/19 12:20:59 GET /api/v1/ws 54.985483417s
2026/02/19 12:21:00 GET /api/v1/ws 31.791µs
2026/02/19 12:21:04 GET / 76.667µs
2026/02/19 12:21:04 GET /assets/index-Bt0QygbR.css 109.959µs
2026/02/19 12:21:04 GET /assets/index-Dew7qRU6.js 266.625µs
2026/02/19 12:21:04 GET /assets/Dashboard-xBpeXwDS.js 110.208µs
2026/02/19 12:21:04 GET /assets/card-DWWy35-G.js 105.792µs
2026/02/19 12:21:04 GET /assets/smartphone-DmPzNC7F.js 72.791µs
2026/02/19 12:21:04 GET /api/v1/permissions/me 10.042µs
2026/02/19 12:21:04 GET /api/v1/ws 19.833µs
2026/02/19 12:21:05 GET /api/v1/dashboard 22.375µs
2026/02/19 12:21:05 GET /auth/me 9.625µs
2026/02/19 12:21:05 GET /api/v1/dashboard/charts 8.459µs
2026/02/19 12:21:05 GET /login 136.875µs
2026/02/19 12:21:05 GET /login 38.208µs
2026/02/19 12:21:05 GET /assets/Login-866E2Uml.js 220.291µs
2026/02/19 12:21:05 GET /api/v1/permissions/me 9.708µs
2026/02/19 12:21:05 GET /api/v1/ws 21.625µs
2026/02/19 12:21:05 POST /auth/login 78.758584ms
2026/02/19 12:21:05 GET /api/v1/permissions/me 874µs
2026/02/19 12:21:05 GET /auth/me 97.125µs
2026/02/19 12:21:05 GET /api/v1/dashboard/charts 355.084µs
2026/02/19 12:21:05 GET /api/v1/dashboard 4.760208ms
2026/02/19 12:21:08 GET / 84.25µs
2026/02/19 12:21:08 GET /assets/index-Bt0QygbR.css 170.709µs
2026/02/19 12:21:08 GET /assets/index-Dew7qRU6.js 362.167µs
2026/02/19 12:21:08 GET /assets/card-DWWy35-G.js 146.708µs
2026/02/19 12:21:08 GET /assets/Dashboard-xBpeXwDS.js 206.875µs
2026/02/19 12:21:08 GET /assets/smartphone-DmPzNC7F.js 62.708µs
2026/02/19 12:21:08 GET /api/v1/permissions/me 1.02575ms
2026/02/19 12:21:08 ws: client connected (2 total)
2026/02/19 12:21:08 GET /api/v1/dashboard/charts 823.041µs
2026/02/19 12:21:08 GET /auth/me 1.262875ms
2026/02/19 12:21:08 GET /api/v1/dashboard 4.175084ms
2026/02/19 12:22:24 Generating notifications (filtered)...
2026/02/19 12:22:32 GET / 80.041µs
2026/02/19 12:22:32 GET /assets/index-Bt0QygbR.css 114.583µs
2026/02/19 12:22:32 GET /assets/index-Dew7qRU6.js 312.292µs
2026/02/19 12:22:32 GET /assets/Dashboard-xBpeXwDS.js 169.625µs
2026/02/19 12:22:32 GET /assets/card-DWWy35-G.js 169.458µs
2026/02/19 12:22:32 GET /assets/smartphone-DmPzNC7F.js 86µs
2026/02/19 12:22:32 GET /api/v1/permissions/me 10.834µs
2026/02/19 12:22:32 GET /api/v1/ws 19.792µs
2026/02/19 12:22:32 GET /api/v1/dashboard 24.375µs
2026/02/19 12:22:32 GET /api/v1/dashboard/charts 11.834µs
2026/02/19 12:22:32 GET /auth/me 15.583µs
2026/02/19 12:22:32 GET /login 113.958µs
2026/02/19 12:22:32 GET /assets/Login-866E2Uml.js 158.417µs
2026/02/19 12:22:32 GET /api/v1/permissions/me 6.959µs
2026/02/19 12:22:32 GET /api/v1/ws 17.583µs
2026/02/19 12:22:33 POST /auth/login 79.339917ms
2026/02/19 12:22:33 GET /api/v1/permissions/me 947.625µs
2026/02/19 12:22:33 GET /auth/me 249.041µs
2026/02/19 12:22:33 GET /api/v1/dashboard/charts 2.157958ms
2026/02/19 12:22:33 GET /api/v1/dashboard 3.551083ms
2026/02/19 12:22:33 POST /api/v1/vendors 3.452917ms
2026/02/19 12:22:33 GET /api/v1/dashboard/charts 425.958µs
2026/02/19 12:22:33 GET /api/v1/dashboard 2.379041ms
2026/02/19 12:22:33 GET /api/v1/dashboard 56.958µs
2026/02/19 12:22:33 GET /api/v1/dashboard/charts 923.791µs
2026/02/19 12:22:33 POST /api/v1/categories 1.21825ms
2026/02/19 12:22:33 POST /api/v1/categories 1.168042ms
2026/02/19 12:22:33 POST /api/v1/categories 1.01925ms
2026/02/19 12:22:33 GET /login 57.25µs
2026/02/19 12:22:33 POST /api/v1/parts 1.036667ms
2026/02/19 12:22:33 POST /api/v1/parts 1.10775ms
2026/02/19 12:22:33 POST /api/v1/parts 1.322791ms
2026/02/19 12:22:33 POST /api/v1/boms 982.542µs
2026/02/19 12:22:33 POST /api/v1/boms 757.208µs
2026/02/19 12:22:33 GET /assets/Login-866E2Uml.js 124.541µs
2026/02/19 12:22:33 ws: client disconnected
2026/02/19 12:22:33 GET /api/v1/ws 1m24.576336208s
2026/02/19 12:22:33 GET /api/v1/permissions/me 714.458µs
2026/02/19 12:22:33 ws: client connected (2 total)
2026/02/19 12:22:34 GET / 83.875µs
2026/02/19 12:22:34 GET /assets/index-Bt0QygbR.css 127.916µs
2026/02/19 12:22:34 GET /assets/index-Dew7qRU6.js 278.625µs
2026/02/19 12:22:34 GET /assets/smartphone-DmPzNC7F.js 68.917µs
2026/02/19 12:22:34 GET /assets/Dashboard-xBpeXwDS.js 116.666µs
2026/02/19 12:22:34 GET /assets/card-DWWy35-G.js 117.417µs
2026/02/19 12:22:34 GET /api/v1/permissions/me 8.917µs
2026/02/19 12:22:34 GET /api/v1/ws 19.625µs
2026/02/19 12:22:34 GET /api/v1/dashboard 13.584µs
2026/02/19 12:22:34 GET /api/v1/dashboard/charts 10.459µs
2026/02/19 12:22:34 GET /auth/me 10.625µs
2026/02/19 12:22:34 GET /login 74.333µs
2026/02/19 12:22:34 GET /login 47.625µs
2026/02/19 12:22:34 GET /assets/Login-866E2Uml.js 141.25µs
2026/02/19 12:22:34 GET /api/v1/permissions/me 8.209µs
2026/02/19 12:22:34 GET /api/v1/ws 19.541µs
2026/02/19 12:22:35 POST /auth/login 78.984083ms
2026/02/19 12:22:35 GET /api/v1/permissions/me 902µs
2026/02/19 12:22:35 GET /api/v1/dashboard/charts 552.042µs
2026/02/19 12:22:35 GET /auth/me 121.333µs
2026/02/19 12:22:35 GET /api/v1/dashboard 4.054167ms
2026/02/19 12:22:35 POST /api/v1/categories 1.207583ms
2026/02/19 12:22:35 POST /api/v1/parts 1.100791ms
2026/02/19 12:22:35 POST /api/v1/parts 1.019125ms
2026/02/19 12:22:35 POST /api/v1/boms 699.625µs
2026/02/19 12:22:35 POST /api/v1/inventory 626.834µs
2026/02/19 12:22:35 POST /api/v1/workorders 2.600958ms
2026/02/19 12:22:35 GET /api/v1/workorders/WO-OK-1771532555088/bom 708.75µs
